#
# There is insufficient memory for the Java Runtime Environment to continue.
# Native memory allocation (mmap) failed to map 264241152 bytes for G1 virtual space
# Possible reasons:
#   The system is out of physical RAM or swap space
#   The process is running with CompressedOops enabled, and the Java Heap may be blocking the growth of the native heap
# Possible solutions:
#   Reduce memory load on the system
#   Increase physical memory or swap space
#   Check if swap backing store is full
#   Decrease Java heap size (-Xmx/-Xms)
#   Decrease number of Java threads
#   Decrease Java thread stack sizes (-Xss)
#   Set larger code cache with -XX:ReservedCodeCacheSize=
#   JVM is running with Zero Based Compressed Oops mode in which the Java heap is
#     placed in the first 32GB address space. The Java Heap base address is the
#     maximum limit for the native heap growth. Please use -XX:HeapBaseMinAddress
#     to set the Java Heap base and to place the Java Heap above 32GB virtual address.
# This output file may be truncated or incomplete.
#
#  Out of Memory Error (os_windows.cpp:3769), pid=16184, tid=20064
#
# JRE version:  (17.0.6) (build )
# Java VM: OpenJDK 64-Bit Server VM (17.0.6+0-b2043.56-10027231, mixed mode, sharing, tiered, compressed oops, compressed class ptrs, g1 gc, windows-amd64)
# No core dump will be written. Minidumps are not enabled by default on client versions of Windows
#

---------------  S U M M A R Y ------------

Command Line: org.jetbrains.kotlin.cli.jvm.K2JVMCompiler @C:\Users\Pedro\AndroidStudioProjects\ShoeStore\app\build\20231116_13502203135566157934.compiler.options

Host: 12th Gen Intel(R) Core(TM) i7-12700H, 20 cores, 15G,  Windows 11 , 64 bit Build 22621 (10.0.22621.2428)
Time: Thu Nov 16 19:13:31 2023 Hora padrão de GMT elapsed time: 0.005789 seconds (0d 0h 0m 0s)

---------------  T H R E A D  ---------------

Current thread (0x000002776adcb5f0):  JavaThread "Unknown thread" [_thread_in_vm, id=20064, stack(0x000000b6f5200000,0x000000b6f5300000)]

Stack: [0x000000b6f5200000,0x000000b6f5300000]
Native frames: (J=compiled Java code, j=interpreted, Vv=VM code, C=native code)
V  [jvm.dll+0x683c9a]
V  [jvm.dll+0x8427a4]
V  [jvm.dll+0x843f9e]
V  [jvm.dll+0x844603]
V  [jvm.dll+0x249b75]
V  [jvm.dll+0x680b69]
V  [jvm.dll+0x67505a]
V  [jvm.dll+0x309acb]
V  [jvm.dll+0x310f86]
V  [jvm.dll+0x3608ee]
V  [jvm.dll+0x360b1f]
V  [jvm.dll+0x2dfbf8]
V  [jvm.dll+0x2e0b64]
V  [jvm.dll+0x814091]
V  [jvm.dll+0x36e6a1]
V  [jvm.dll+0x7f35cc]
V  [jvm.dll+0x3f0e8f]
V  [jvm.dll+0x3f29d1]
C  [jli.dll+0x526b]
C  [ucrtbase.dll+0x29363]
C  [KERNEL32.DLL+0x1257d]
C  [ntdll.dll+0x5aa78]


---------------  P R O C E S S  ---------------

Threads class SMR info:
_java_thread_list=0x00007ffaa4e6c058, length=0, elements={
}

Java Threads: ( => current thread )

Other Threads:
  0x000002776ae36d70 GCTaskThread "GC Thread#0" [stack: 0x000000b6f5300000,0x000000b6f5400000] [id=26172]
  0x000002776ae47780 ConcurrentGCThread "G1 Main Marker" [stack: 0x000000b6f5400000,0x000000b6f5500000] [id=20640]
  0x000002776ae480a0 ConcurrentGCThread "G1 Conc#0" [stack: 0x000000b6f5500000,0x000000b6f5600000] [id=17196]

[error occurred during error reporting (printing all threads), id 0xc0000005, EXCEPTION_ACCESS_VIOLATION (0xc0000005) at pc=0x00007ffaa4620797]

VM state: not at safepoint (not fully initialized)

VM Mutex/Monitor currently owned by a thread:  ([mutex/lock_event])
[0x000002776adc9ba0] Heap_lock - owner thread: 0x000002776adcb5f0

Heap address: 0x0000000704400000, size: 4028 MB, Compressed Oops mode: Zero based, Oop shift amount: 3

CDS archive(s) mapped at: [0x0000000000000000-0x0000000000000000-0x0000000000000000), size 0, SharedBaseAddress: 0x0000000800000000, ArchiveRelocationMode: 0.
Narrow klass base: 0x0000000000000000, Narrow klass shift: 0, Narrow klass range: 0x0

GC Precious Log:
<Empty>

Heap:
 garbage-first heap   total 0K, used 0K [0x0000000704400000, 0x0000000800000000)
  region size 2048K, 0 young (0K), 0 survivors (0K)

[error occurred during error reporting (printing heap information), id 0xc0000005, EXCEPTION_ACCESS_VIOLATION (0xc0000005) at pc=0x00007ffaa4a0da89]

GC Heap History (0 events):
No events

Dll operation events (1 events):
Event: 0.004 Loaded shared library C:\Program Files\Android\Android Studio\jbr\bin\java.dll

Deoptimization events (0 events):
No events

Classes unloaded (0 events):
No events

Classes redefined (0 events):
No events

Internal exceptions (0 events):
No events

VM Operations (0 events):
No events

Events (0 events):
No events


Dynamic libraries:
0x00007ff64f540000 - 0x00007ff64f54a000 	C:\Program Files\Android\Android Studio\jbr\bin\java.exe
0x00007ffb2e650000 - 0x00007ffb2e867000 	C:\WINDOWS\SYSTEM32\ntdll.dll
0x00007ffb2cf80000 - 0x00007ffb2d044000 	C:\WINDOWS\System32\KERNEL32.DLL
0x00007ffb2bba0000 - 0x00007ffb2bf46000 	C:\WINDOWS\System32\KERNELBASE.dll
0x00007ffb2c290000 - 0x00007ffb2c3a1000 	C:\WINDOWS\System32\ucrtbase.dll
0x00007ffb0a3e0000 - 0x00007ffb0a3f7000 	C:\Program Files\Android\Android Studio\jbr\bin\jli.dll
0x00007ffb22840000 - 0x00007ffb2285b000 	C:\Program Files\Android\Android Studio\jbr\bin\VCRUNTIME140.dll
0x00007ffb2d520000 - 0x00007ffb2d6cd000 	C:\WINDOWS\System32\USER32.dll
0x00007ffb2c0c0000 - 0x00007ffb2c0e6000 	C:\WINDOWS\System32\win32u.dll
0x00007ffb20dd0000 - 0x00007ffb21063000 	C:\WINDOWS\WinSxS\amd64_microsoft.windows.common-controls_6595b64144ccf1df_6.0.22621.2361_none_2712ced57382f843\COMCTL32.dll
0x00007ffb2d4b0000 - 0x00007ffb2d4d9000 	C:\WINDOWS\System32\GDI32.dll
0x00007ffb2e460000 - 0x00007ffb2e507000 	C:\WINDOWS\System32\msvcrt.dll
0x00007ffb2c0f0000 - 0x00007ffb2c208000 	C:\WINDOWS\System32\gdi32full.dll
0x00007ffb2ba40000 - 0x00007ffb2bada000 	C:\WINDOWS\System32\msvcp_win.dll
0x00007ffb2d4e0000 - 0x00007ffb2d511000 	C:\WINDOWS\System32\IMM32.DLL
0x00007ffb209a0000 - 0x00007ffb209ac000 	C:\Program Files\Android\Android Studio\jbr\bin\vcruntime140_1.dll
0x00007ffb10b00000 - 0x00007ffb10b8d000 	C:\Program Files\Android\Android Studio\jbr\bin\msvcp140.dll
0x00007ffaa4330000 - 0x00007ffaa4f9e000 	C:\Program Files\Android\Android Studio\jbr\bin\server\jvm.dll
0x00007ffb2c810000 - 0x00007ffb2c8c0000 	C:\WINDOWS\System32\ADVAPI32.dll
0x00007ffb2d3f0000 - 0x00007ffb2d496000 	C:\WINDOWS\System32\sechost.dll
0x00007ffb2d6d0000 - 0x00007ffb2d7e7000 	C:\WINDOWS\System32\RPCRT4.dll
0x00007ffb06060000 - 0x00007ffb06069000 	C:\WINDOWS\SYSTEM32\WSOCK32.dll
0x00007ffb2d210000 - 0x00007ffb2d281000 	C:\WINDOWS\System32\WS2_32.dll
0x00007ffb24e40000 - 0x00007ffb24e74000 	C:\WINDOWS\SYSTEM32\WINMM.dll
0x00007ffb1e5f0000 - 0x00007ffb1e5fa000 	C:\WINDOWS\SYSTEM32\VERSION.dll
0x00007ffb2aa70000 - 0x00007ffb2aa88000 	C:\WINDOWS\SYSTEM32\kernel.appcore.dll
0x00007ffb1eba0000 - 0x00007ffb1ebaa000 	C:\Program Files\Android\Android Studio\jbr\bin\jimage.dll
0x00007ffb292d0000 - 0x00007ffb294fe000 	C:\WINDOWS\SYSTEM32\DBGHELP.DLL
0x00007ffb2d840000 - 0x00007ffb2dbca000 	C:\WINDOWS\System32\combase.dll
0x00007ffb2cea0000 - 0x00007ffb2cf77000 	C:\WINDOWS\System32\OLEAUT32.dll
0x00007ffb1c5c0000 - 0x00007ffb1c5f2000 	C:\WINDOWS\SYSTEM32\dbgcore.DLL
0x00007ffb2c210000 - 0x00007ffb2c28a000 	C:\WINDOWS\System32\bcryptPrimitives.dll
0x00007ffb12970000 - 0x00007ffb12995000 	C:\Program Files\Android\Android Studio\jbr\bin\java.dll

dbghelp: loaded successfully - version: 4.0.5 - missing functions: none
symbol engine: initialized successfully - sym options: 0x614 - pdb path: .;C:\Program Files\Android\Android Studio\jbr\bin;C:\WINDOWS\SYSTEM32;C:\WINDOWS\WinSxS\amd64_microsoft.windows.common-controls_6595b64144ccf1df_6.0.22621.2361_none_2712ced57382f843;C:\Program Files\Android\Android Studio\jbr\bin\server

VM Arguments:
java_command: org.jetbrains.kotlin.cli.jvm.K2JVMCompiler @C:\Users\Pedro\AndroidStudioProjects\ShoeStore\app\build\20231116_13502203135566157934.compiler.options
java_class_path (initial): C:\Users\Pedro\.gradle\caches\modules-2\files-2.1\org.jetbrains.kotlin\kotlin-compiler-embeddable\1.9.0\2c8c3a7402becca891f12739b3e9fd2dc2adbd7a\kotlin-compiler-embeddable-1.9.0.jar;C:\Users\Pedro\.gradle\caches\modules-2\files-2.1\org.jetbrains.kotlin\kotlin-stdlib\1.9.0\8ee15ef0c67dc83d874f412d84378d7f0eb50b63\kotlin-stdlib-1.9.0.jar;C:\Users\Pedro\.gradle\caches\modules-2\files-2.1\org.jetbrains.kotlin\kotlin-script-runtime\1.9.0\4b3102cbbb7e1b58d9d1adf89563f00069ffa7d1\kotlin-script-runtime-1.9.0.jar;C:\Users\Pedro\.gradle\caches\modules-2\files-2.1\org.jetbrains.kotlin\kotlin-reflect\1.6.10\1cbe9c92c12a94eea200d23c2bbaedaf3daf5132\kotlin-reflect-1.6.10.jar;C:\Users\Pedro\.gradle\caches\modules-2\files-2.1\org.jetbrains.kotlin\kotlin-daemon-embeddable\1.9.0\186543f5e28cf8d9a0290fecc2cf34301c40a65c\kotlin-daemon-embeddable-1.9.0.jar;C:\Users\Pedro\.gradle\caches\modules-2\files-2.1\org.jetbrains.intellij.deps\trove4j\1.0.20200330\3afb14d5f9ceb459d724e907a21145e8ff394f02\trove4j-1.0.20200330.jar;C:\Users\Pedro\.gradle\caches\modules-2\files-2.1\org.jetbrains.kotlin\kotlin-stdlib-common\1.9.0\cd65c21cfd1eec4d44ef09f9f52b6d9f8a720636\kotlin-stdlib-common-1.9.0.jar;C:\Users\Pedro\.gradle\caches\modules-2\files-2.1\org.jetbrains\annotations\13.0\919f0dfe192fb4e063e7dacadee7f8bb9a2672a9\annotations-13.0.jar
Launcher Type: SUN_STANDARD

[Global flags]
     intx CICompilerCount                          = 12                                        {product} {ergonomic}
     uint ConcGCThreads                            = 4                                         {product} {ergonomic}
     uint G1ConcRefinementThreads                  = 15                                        {product} {ergonomic}
   size_t G1HeapRegionSize                         = 2097152                                   {product} {ergonomic}
    uintx GCDrainStackTargetSize                   = 64                                        {product} {ergonomic}
   size_t InitialHeapSize                          = 264241152                                 {product} {ergonomic}
   size_t MarkStackSize                            = 4194304                                   {product} {ergonomic}
   size_t MaxHeapSize                              = 4223664128                                {product} {ergonomic}
   size_t MinHeapDeltaBytes                        = 2097152                                   {product} {ergonomic}
   size_t MinHeapSize                              = 8388608                                   {product} {ergonomic}
    uintx NonNMethodCodeHeapSize                   = 7602480                                {pd product} {ergonomic}
    uintx NonProfiledCodeHeapSize                  = 122027880                              {pd product} {ergonomic}
    uintx ProfiledCodeHeapSize                     = 122027880                              {pd product} {ergonomic}
    uintx ReservedCodeCacheSize                    = 251658240                              {pd product} {ergonomic}
     bool SegmentedCodeCache                       = true                                      {product} {ergonomic}
   size_t SoftMaxHeapSize                          = 4223664128                             {manageable} {ergonomic}
     bool UseCompressedClassPointers               = true                           {product lp64_product} {ergonomic}
     bool UseCompressedOops                        = true                           {product lp64_product} {ergonomic}
     bool UseG1GC                                  = true                                      {product} {ergonomic}
     bool UseLargePagesIndividualAllocation        = false                                  {pd product} {ergonomic}

Logging:
Log output configuration:
 #0: stdout all=warning uptime,level,tags
 #1: stderr all=off uptime,level,tags

Environment Variables:
PATH=C:\Program Files\Common Files\Oracle\Java\javapath;C:\Windows\System32\HWAudioDriverLibs;C:\Windows\system32;C:\Windows;C:\Windows\System32\Wbem;C:\Windows\System32\WindowsPowerShell\v1.0\;C:\Windows\System32\OpenSSH\;C:\Users\Administrator\AppData\Local\Microsoft\WindowsApps;C:\jdk-11.0.18\bin;C:\WINDOWS\system32;C:\WINDOWS;C:\WINDOWS\System32\Wbem;C:\WINDOWS\System32\WindowsPowerShell\v1.0\;C:\WINDOWS\System32\OpenSSH\;C:\Program Files\Git\cmd;C:\Program Files\nodejs\;C:\Program Files\Maven\apache-maven-3.9.2\bin;C:\Program Files\Amazon\AWSCLIV2\;C:\Program Files\Docker\Docker\resources\bin;C:\Users\Pedro\AppData\Local\Android\Sdk\platform-tools;C:\Users\Pedro\AppData\Local\Microsoft\WindowsApps;C:\Users\Pedro\AppData\Local\Programs\Microsoft VS Code\bin;C:\Users\Pedro\AppData\Roaming\npm;C:\Users\Pedro\AppData\Local\atom\bin
USERNAME=Pedro
OS=Windows_NT
PROCESSOR_IDENTIFIER=Intel64 Family 6 Model 154 Stepping 3, GenuineIntel
TMP=C:\Users\Pedro\AppData\Local\Temp
TEMP=C:\Users\Pedro\AppData\Local\Temp


JNI global refs:

[error occurred during error reporting (JNI global references), id 0xc0000005, EXCEPTION_ACCESS_VIOLATION (0xc0000005) at pc=0x00007ffaa43e7a10]


---------------  S Y S T E M  ---------------

OS:
 Windows 11 , 64 bit Build 22621 (10.0.22621.2428)
OS uptime: 10 days 10:01 hours
Hyper-V role detected

CPU: total 20 (initial active 20) (10 cores per cpu, 2 threads per core) family 6 model 154 stepping 3 microcode 0x41e, cx8, cmov, fxsr, ht, mmx, 3dnowpref, sse, sse2, sse3, ssse3, sse4.1, sse4.2, popcnt, lzcnt, tsc, tscinvbit, avx, avx2, aes, erms, clmul, bmi1, bmi2, adx, sha, fma, vzeroupper, clflush, clflushopt, clwb, hv

Memory: 4k page, system-wide physical 16110M (422M free)
TotalPageFile size 18158M (AvailPageFile size 155M)
current process WorkingSet (physical memory assigned to process): 11M, peak: 11M
current process commit charge ("private bytes"): 75M, peak: 326M

vm_info: OpenJDK 64-Bit Server VM (17.0.6+0-b2043.56-10027231) for windows-amd64 JRE (17.0.6+0-b2043.56-10027231), built on Apr 28 2023 00:43:19 by "androidbuild" with MS VC++ 16.10 / 16.11 (VS2019)

END.
